<?xml version="1.0" encoding="UTF-8"?>
<testsuite xmlns:xsi="http://www.w3.org/2001/XMLSchema-instance" xsi:noNamespaceSchemaLocation="https://maven.apache.org/surefire/maven-surefire-plugin/xsd/surefire-test-report.xsd" name="character.CharacterShould" time="0.003" tests="17" errors="0" skipped="0" failures="0">
  <properties>
[...]
</properties>
  <testcase name="check_boosted_attack" classname="character.CharacterShould" time="0"/>
  <testcase name="check_attack_success_ranged" classname="character.CharacterShould" time="0"/>
  <testcase name="heal_your_friend" classname="character.CharacterShould" time="0"/>
  <testcase name="dont_attack_your_friend" classname="character.CharacterShould" time="0"/>
  <testcase name="dont_pass_1000" classname="character.CharacterShould" time="0"/>
  <testcase name="check_attack_success_melee" classname="character.CharacterShould" time="0"/>
  <testcase name="dont_attack_me" classname="character.CharacterShould" time="0"/>
  <testcase name="is_alive" classname="character.CharacterShould" time="0"/>
  <testcase name="have_default_values" classname="character.CharacterShould" time="0"/>
  <testcase name="check_reduced_attack" classname="character.CharacterShould" time="0"/>
  <testcase name="heal_me" classname="character.CharacterShould" time="0"/>
  <testcase name="attack_other" classname="character.CharacterShould" time="0"/>
  <testcase name="check_attack_failed_ranged" classname="character.CharacterShould" time="0"/>
  <testcase name="attack_your_enemy" classname="character.CharacterShould" time="0.001"/>
  <testcase name="check_attack_failed_melee" classname="character.CharacterShould" time="0"/>
  <testcase name="dont_heal_your_enemy" classname="character.CharacterShould" time="0"/>
  <testcase name="is_dead" classname="character.CharacterShould" time="0"/>
</testsuite>